{"/Users/user/Desktop/workplace/pragma/aws-api/src/index.ts": {"path":"/Users/user/Desktop/workplace/pragma/aws-api/src/index.ts","statementMap":{"0":{"start":{"line":1,"column":0},"end":{"line":1,"column":76}},"1":{"start":{"line":2,"column":0},"end":{"line":2,"column":27}},"2":{"start":{"line":3,"column":0},"end":{"line":3,"column":36}},"3":{"start":{"line":4,"column":0},"end":{"line":4,"column":63}},"4":{"start":{"line":5,"column":0},"end":{"line":5,"column":68}},"5":{"start":{"line":7,"column":0},"end":{"line":7,"column":null}},"6":{"start":{"line":9,"column":13},"end":{"line":9,"column":null}},"7":{"start":{"line":11,"column":0},"end":{"line":11,"column":null}},"8":{"start":{"line":12,"column":0},"end":{"line":12,"column":null}},"9":{"start":{"line":14,"column":0},"end":{"line":19,"column":null}},"10":{"start":{"line":15,"column":2},"end":{"line":18,"column":null}},"11":{"start":{"line":21,"column":0},"end":{"line":21,"column":null}},"12":{"start":{"line":23,"column":0},"end":{"line":25,"column":null}},"13":{"start":{"line":24,"column":2},"end":{"line":24,"column":null}}},"fnMap":{"0":{"name":"(anonymous_1)","decl":{"start":{"line":14,"column":13},"end":{"line":14,"column":14}},"loc":{"start":{"line":14,"column":46},"end":{"line":19,"column":1}}},"1":{"name":"(anonymous_2)","decl":{"start":{"line":23,"column":17},"end":{"line":23,"column":20}},"loc":{"start":{"line":23,"column":22},"end":{"line":25,"column":1}}}},"branchMap":{},"s":{"0":2,"1":2,"2":2,"3":2,"4":2,"5":2,"6":2,"7":2,"8":2,"9":2,"10":1,"11":2,"12":2,"13":1},"f":{"0":1,"1":1},"b":{}}
,"/Users/user/Desktop/workplace/pragma/aws-api/src/application/dto/user_dto.ts": {"path":"/Users/user/Desktop/workplace/pragma/aws-api/src/application/dto/user_dto.ts","statementMap":{"0":{"start":{"line":1,"column":0},"end":{"line":1,"column":72}},"1":{"start":{"line":16,"column":4},"end":{"line":16,"column":null}},"2":{"start":{"line":17,"column":4},"end":{"line":17,"column":null}},"3":{"start":{"line":18,"column":4},"end":{"line":18,"column":null}},"4":{"start":{"line":3,"column":0},"end":{"line":3,"column":13}},"5":{"start":{"line":5,"column":4},"end":{"line":5,"column":null}},"6":{"start":{"line":9,"column":4},"end":{"line":9,"column":null}},"7":{"start":{"line":13,"column":4},"end":{"line":13,"column":null}}},"fnMap":{"0":{"name":"(anonymous_1)","decl":{"start":{"line":15,"column":2},"end":{"line":15,"column":15}},"loc":{"start":{"line":15,"column":54},"end":{"line":19,"column":3}}}},"branchMap":{},"s":{"0":1,"1":1,"2":1,"3":1,"4":1,"5":1,"6":1,"7":1},"f":{"0":1},"b":{}}
,"/Users/user/Desktop/workplace/pragma/aws-api/src/application/mapper/user_mapper.ts": {"path":"/Users/user/Desktop/workplace/pragma/aws-api/src/application/mapper/user_mapper.ts","statementMap":{"0":{"start":{"line":7,"column":4},"end":{"line":11,"column":null}},"1":{"start":{"line":15,"column":4},"end":{"line":19,"column":null}},"2":{"start":{"line":23,"column":33},"end":{"line":29,"column":6}},"3":{"start":{"line":24,"column":6},"end":{"line":28,"column":null}},"4":{"start":{"line":31,"column":4},"end":{"line":31,"column":null}},"5":{"start":{"line":5,"column":0},"end":{"line":5,"column":13}}},"fnMap":{"0":{"name":"(anonymous_0)","decl":{"start":{"line":6,"column":2},"end":{"line":6,"column":16}},"loc":{"start":{"line":6,"column":29},"end":{"line":12,"column":3}}},"1":{"name":"(anonymous_1)","decl":{"start":{"line":14,"column":2},"end":{"line":14,"column":16}},"loc":{"start":{"line":14,"column":30},"end":{"line":20,"column":3}}},"2":{"name":"(anonymous_2)","decl":{"start":{"line":22,"column":2},"end":{"line":22,"column":26}},"loc":{"start":{"line":22,"column":42},"end":{"line":32,"column":3}}},"3":{"name":"(anonymous_3)","decl":{"start":{"line":23,"column":44},"end":{"line":23,"column":45}},"loc":{"start":{"line":23,"column":61},"end":{"line":29,"column":5}}}},"branchMap":{"0":{"loc":{"start":{"line":16,"column":10},"end":{"line":16,"column":17}},"type":"cond-expr","locations":[{"start":{"line":16,"column":13},"end":{"line":16,"column":15}},{"start":{"line":16,"column":10},"end":{"line":16,"column":17}}]},"1":{"loc":{"start":{"line":16,"column":10},"end":{"line":16,"column":15}},"type":"binary-expr","locations":[{"start":{"line":16,"column":10},"end":{"line":16,"column":15}},{"start":{"line":16,"column":10},"end":{"line":16,"column":15}}]}},"s":{"0":1,"1":4,"2":2,"3":7,"4":2,"5":6},"f":{"0":1,"1":4,"2":2,"3":7},"b":{"0":[0,4],"1":[4,4]}}
,"/Users/user/Desktop/workplace/pragma/aws-api/src/application/services/create_user_service.ts": {"path":"/Users/user/Desktop/workplace/pragma/aws-api/src/application/services/create_user_service.ts","statementMap":{"0":{"start":{"line":11,"column":4},"end":{"line":11,"column":null}},"1":{"start":{"line":12,"column":4},"end":{"line":12,"column":null}},"2":{"start":{"line":16,"column":4},"end":{"line":21,"column":null}},"3":{"start":{"line":17,"column":24},"end":{"line":17,"column":59}},"4":{"start":{"line":18,"column":6},"end":{"line":18,"column":null}},"5":{"start":{"line":20,"column":6},"end":{"line":20,"column":null}},"6":{"start":{"line":6,"column":0},"end":{"line":6,"column":13}}},"fnMap":{"0":{"name":"(anonymous_7)","decl":{"start":{"line":10,"column":2},"end":{"line":10,"column":15}},"loc":{"start":{"line":10,"column":65},"end":{"line":13,"column":3}}},"1":{"name":"(anonymous_8)","decl":{"start":{"line":15,"column":8},"end":{"line":15,"column":15}},"loc":{"start":{"line":15,"column":33},"end":{"line":22,"column":null}}}},"branchMap":{},"s":{"0":3,"1":3,"2":2,"3":2,"4":2,"5":1,"6":3},"f":{"0":3,"1":2},"b":{}}
,"/Users/user/Desktop/workplace/pragma/aws-api/src/application/services/delete_user_service.ts": {"path":"/Users/user/Desktop/workplace/pragma/aws-api/src/application/services/delete_user_service.ts","statementMap":{"0":{"start":{"line":8,"column":4},"end":{"line":8,"column":null}},"1":{"start":{"line":12,"column":4},"end":{"line":16,"column":null}},"2":{"start":{"line":13,"column":6},"end":{"line":13,"column":null}},"3":{"start":{"line":15,"column":6},"end":{"line":15,"column":null}},"4":{"start":{"line":4,"column":0},"end":{"line":4,"column":13}}},"fnMap":{"0":{"name":"(anonymous_7)","decl":{"start":{"line":7,"column":2},"end":{"line":7,"column":15}},"loc":{"start":{"line":7,"column":45},"end":{"line":9,"column":3}}},"1":{"name":"(anonymous_8)","decl":{"start":{"line":11,"column":8},"end":{"line":11,"column":15}},"loc":{"start":{"line":11,"column":27},"end":{"line":17,"column":null}}}},"branchMap":{},"s":{"0":3,"1":1,"2":1,"3":1,"4":3},"f":{"0":3,"1":1},"b":{}}
,"/Users/user/Desktop/workplace/pragma/aws-api/src/application/services/search_all_service.ts": {"path":"/Users/user/Desktop/workplace/pragma/aws-api/src/application/services/search_all_service.ts","statementMap":{"0":{"start":{"line":11,"column":4},"end":{"line":11,"column":null}},"1":{"start":{"line":12,"column":4},"end":{"line":12,"column":null}},"2":{"start":{"line":16,"column":4},"end":{"line":21,"column":null}},"3":{"start":{"line":17,"column":26},"end":{"line":17,"column":58}},"4":{"start":{"line":18,"column":6},"end":{"line":18,"column":null}},"5":{"start":{"line":20,"column":6},"end":{"line":20,"column":null}},"6":{"start":{"line":6,"column":0},"end":{"line":6,"column":13}}},"fnMap":{"0":{"name":"(anonymous_7)","decl":{"start":{"line":10,"column":2},"end":{"line":10,"column":15}},"loc":{"start":{"line":10,"column":66},"end":{"line":13,"column":3}}},"1":{"name":"(anonymous_8)","decl":{"start":{"line":15,"column":8},"end":{"line":15,"column":15}},"loc":{"start":{"line":15,"column":15},"end":{"line":22,"column":null}}}},"branchMap":{},"s":{"0":3,"1":3,"2":3,"3":3,"4":2,"5":1,"6":3},"f":{"0":3,"1":3},"b":{}}
,"/Users/user/Desktop/workplace/pragma/aws-api/src/application/services/search_specific_service.ts": {"path":"/Users/user/Desktop/workplace/pragma/aws-api/src/application/services/search_specific_service.ts","statementMap":{"0":{"start":{"line":11,"column":4},"end":{"line":11,"column":null}},"1":{"start":{"line":12,"column":4},"end":{"line":12,"column":null}},"2":{"start":{"line":16,"column":4},"end":{"line":25,"column":null}},"3":{"start":{"line":17,"column":24},"end":{"line":17,"column":58}},"4":{"start":{"line":19,"column":6},"end":{"line":21,"column":null}},"5":{"start":{"line":20,"column":8},"end":{"line":20,"column":null}},"6":{"start":{"line":22,"column":6},"end":{"line":22,"column":null}},"7":{"start":{"line":24,"column":6},"end":{"line":24,"column":null}},"8":{"start":{"line":6,"column":0},"end":{"line":6,"column":13}}},"fnMap":{"0":{"name":"(anonymous_7)","decl":{"start":{"line":10,"column":2},"end":{"line":10,"column":15}},"loc":{"start":{"line":10,"column":65},"end":{"line":13,"column":3}}},"1":{"name":"(anonymous_8)","decl":{"start":{"line":15,"column":8},"end":{"line":15,"column":15}},"loc":{"start":{"line":15,"column":27},"end":{"line":26,"column":null}}}},"branchMap":{"0":{"loc":{"start":{"line":19,"column":6},"end":{"line":21,"column":null}},"type":"if","locations":[{"start":{"line":19,"column":6},"end":{"line":21,"column":null}}]}},"s":{"0":3,"1":3,"2":3,"3":3,"4":2,"5":1,"6":1,"7":1,"8":3},"f":{"0":3,"1":3},"b":{"0":[1]}}
,"/Users/user/Desktop/workplace/pragma/aws-api/src/application/services/update_user_service.ts": {"path":"/Users/user/Desktop/workplace/pragma/aws-api/src/application/services/update_user_service.ts","statementMap":{"0":{"start":{"line":11,"column":4},"end":{"line":11,"column":null}},"1":{"start":{"line":12,"column":4},"end":{"line":12,"column":null}},"2":{"start":{"line":16,"column":4},"end":{"line":21,"column":null}},"3":{"start":{"line":17,"column":28},"end":{"line":17,"column":63}},"4":{"start":{"line":18,"column":6},"end":{"line":18,"column":null}},"5":{"start":{"line":20,"column":6},"end":{"line":20,"column":null}},"6":{"start":{"line":6,"column":0},"end":{"line":6,"column":13}}},"fnMap":{"0":{"name":"(anonymous_7)","decl":{"start":{"line":10,"column":2},"end":{"line":10,"column":15}},"loc":{"start":{"line":10,"column":65},"end":{"line":13,"column":3}}},"1":{"name":"(anonymous_8)","decl":{"start":{"line":15,"column":8},"end":{"line":15,"column":15}},"loc":{"start":{"line":15,"column":33},"end":{"line":22,"column":null}}}},"branchMap":{},"s":{"0":3,"1":3,"2":2,"3":2,"4":2,"5":1,"6":3},"f":{"0":3,"1":2},"b":{}}
,"/Users/user/Desktop/workplace/pragma/aws-api/src/domain/use_cases/create_user_use_case.ts": {"path":"/Users/user/Desktop/workplace/pragma/aws-api/src/domain/use_cases/create_user_use_case.ts","statementMap":{"0":{"start":{"line":9,"column":4},"end":{"line":9,"column":null}},"1":{"start":{"line":13,"column":4},"end":{"line":17,"column":null}},"2":{"start":{"line":14,"column":6},"end":{"line":14,"column":null}},"3":{"start":{"line":16,"column":6},"end":{"line":16,"column":null}},"4":{"start":{"line":5,"column":0},"end":{"line":5,"column":13}}},"fnMap":{"0":{"name":"(anonymous_7)","decl":{"start":{"line":8,"column":2},"end":{"line":8,"column":15}},"loc":{"start":{"line":8,"column":45},"end":{"line":10,"column":3}}},"1":{"name":"(anonymous_8)","decl":{"start":{"line":12,"column":8},"end":{"line":12,"column":15}},"loc":{"start":{"line":12,"column":27},"end":{"line":18,"column":null}}}},"branchMap":{},"s":{"0":3,"1":2,"2":2,"3":1,"4":3},"f":{"0":3,"1":2},"b":{}}
,"/Users/user/Desktop/workplace/pragma/aws-api/src/domain/use_cases/delete_user_use_case.ts": {"path":"/Users/user/Desktop/workplace/pragma/aws-api/src/domain/use_cases/delete_user_use_case.ts","statementMap":{"0":{"start":{"line":8,"column":4},"end":{"line":8,"column":null}},"1":{"start":{"line":12,"column":4},"end":{"line":16,"column":null}},"2":{"start":{"line":13,"column":6},"end":{"line":13,"column":null}},"3":{"start":{"line":15,"column":6},"end":{"line":15,"column":null}},"4":{"start":{"line":4,"column":0},"end":{"line":4,"column":13}}},"fnMap":{"0":{"name":"(anonymous_7)","decl":{"start":{"line":7,"column":2},"end":{"line":7,"column":15}},"loc":{"start":{"line":7,"column":45},"end":{"line":9,"column":3}}},"1":{"name":"(anonymous_8)","decl":{"start":{"line":11,"column":8},"end":{"line":11,"column":15}},"loc":{"start":{"line":11,"column":27},"end":{"line":17,"column":null}}}},"branchMap":{},"s":{"0":3,"1":1,"2":1,"3":1,"4":3},"f":{"0":3,"1":1},"b":{}}
,"/Users/user/Desktop/workplace/pragma/aws-api/src/domain/use_cases/search_all_users.ts": {"path":"/Users/user/Desktop/workplace/pragma/aws-api/src/domain/use_cases/search_all_users.ts","statementMap":{"0":{"start":{"line":9,"column":4},"end":{"line":9,"column":null}},"1":{"start":{"line":13,"column":4},"end":{"line":17,"column":null}},"2":{"start":{"line":14,"column":6},"end":{"line":14,"column":null}},"3":{"start":{"line":16,"column":6},"end":{"line":16,"column":null}},"4":{"start":{"line":5,"column":0},"end":{"line":5,"column":13}}},"fnMap":{"0":{"name":"(anonymous_7)","decl":{"start":{"line":8,"column":2},"end":{"line":8,"column":15}},"loc":{"start":{"line":8,"column":45},"end":{"line":10,"column":3}}},"1":{"name":"(anonymous_8)","decl":{"start":{"line":12,"column":8},"end":{"line":12,"column":15}},"loc":{"start":{"line":12,"column":15},"end":{"line":18,"column":null}}}},"branchMap":{},"s":{"0":3,"1":2,"2":2,"3":1,"4":3},"f":{"0":3,"1":2},"b":{}}
,"/Users/user/Desktop/workplace/pragma/aws-api/src/domain/use_cases/search_user_by_id.ts": {"path":"/Users/user/Desktop/workplace/pragma/aws-api/src/domain/use_cases/search_user_by_id.ts","statementMap":{"0":{"start":{"line":9,"column":4},"end":{"line":9,"column":null}},"1":{"start":{"line":13,"column":4},"end":{"line":17,"column":null}},"2":{"start":{"line":14,"column":6},"end":{"line":14,"column":null}},"3":{"start":{"line":16,"column":6},"end":{"line":16,"column":null}},"4":{"start":{"line":5,"column":0},"end":{"line":5,"column":13}}},"fnMap":{"0":{"name":"(anonymous_7)","decl":{"start":{"line":8,"column":2},"end":{"line":8,"column":15}},"loc":{"start":{"line":8,"column":45},"end":{"line":10,"column":3}}},"1":{"name":"(anonymous_8)","decl":{"start":{"line":12,"column":8},"end":{"line":12,"column":15}},"loc":{"start":{"line":12,"column":27},"end":{"line":18,"column":null}}}},"branchMap":{},"s":{"0":3,"1":1,"2":1,"3":1,"4":3},"f":{"0":3,"1":1},"b":{}}
,"/Users/user/Desktop/workplace/pragma/aws-api/src/domain/use_cases/update_user_use_case.ts": {"path":"/Users/user/Desktop/workplace/pragma/aws-api/src/domain/use_cases/update_user_use_case.ts","statementMap":{"0":{"start":{"line":9,"column":4},"end":{"line":9,"column":null}},"1":{"start":{"line":13,"column":4},"end":{"line":17,"column":null}},"2":{"start":{"line":14,"column":6},"end":{"line":14,"column":null}},"3":{"start":{"line":16,"column":6},"end":{"line":16,"column":null}},"4":{"start":{"line":5,"column":0},"end":{"line":5,"column":13}}},"fnMap":{"0":{"name":"(anonymous_7)","decl":{"start":{"line":8,"column":2},"end":{"line":8,"column":15}},"loc":{"start":{"line":8,"column":45},"end":{"line":10,"column":3}}},"1":{"name":"(anonymous_8)","decl":{"start":{"line":12,"column":8},"end":{"line":12,"column":15}},"loc":{"start":{"line":12,"column":27},"end":{"line":18,"column":null}}}},"branchMap":{},"s":{"0":3,"1":2,"2":2,"3":1,"4":3},"f":{"0":3,"1":2},"b":{}}
,"/Users/user/Desktop/workplace/pragma/aws-api/src/infrastructure/configuration/constants.ts": {"path":"/Users/user/Desktop/workplace/pragma/aws-api/src/infrastructure/configuration/constants.ts","statementMap":{"0":{"start":{"line":1,"column":0},"end":{"line":1,"column":22}},"1":{"start":{"line":3,"column":13},"end":{"line":3,"column":null}},"2":{"start":{"line":13,"column":13},"end":{"line":19,"column":null}}},"fnMap":{},"branchMap":{"0":{"loc":{"start":{"line":3,"column":20},"end":{"line":3,"column":44}},"type":"cond-expr","locations":[{"start":{"line":3,"column":36},"end":{"line":3,"column":40}},{"start":{"line":3,"column":40},"end":{"line":3,"column":44}}]},"1":{"loc":{"start":{"line":3,"column":20},"end":{"line":3,"column":40}},"type":"binary-expr","locations":[{"start":{"line":3,"column":20},"end":{"line":3,"column":40}},{"start":{"line":3,"column":36},"end":{"line":3,"column":40}}]},"2":{"loc":{"start":{"line":14,"column":8},"end":{"line":14,"column":42}},"type":"cond-expr","locations":[{"start":{"line":14,"column":27},"end":{"line":14,"column":31}},{"start":{"line":14,"column":31},"end":{"line":14,"column":42}}]},"3":{"loc":{"start":{"line":14,"column":8},"end":{"line":14,"column":31}},"type":"binary-expr","locations":[{"start":{"line":14,"column":8},"end":{"line":14,"column":31}},{"start":{"line":14,"column":27},"end":{"line":14,"column":31}}]},"4":{"loc":{"start":{"line":15,"column":8},"end":{"line":15,"column":52}},"type":"cond-expr","locations":[{"start":{"line":15,"column":44},"end":{"line":15,"column":48}},{"start":{"line":15,"column":48},"end":{"line":15,"column":52}}]},"5":{"loc":{"start":{"line":15,"column":8},"end":{"line":15,"column":48}},"type":"binary-expr","locations":[{"start":{"line":15,"column":8},"end":{"line":15,"column":48}},{"start":{"line":15,"column":44},"end":{"line":15,"column":48}}]},"6":{"loc":{"start":{"line":16,"column":8},"end":{"line":16,"column":37}},"type":"cond-expr","locations":[{"start":{"line":16,"column":27},"end":{"line":16,"column":31}},{"start":{"line":16,"column":31},"end":{"line":16,"column":37}}]},"7":{"loc":{"start":{"line":16,"column":8},"end":{"line":16,"column":31}},"type":"binary-expr","locations":[{"start":{"line":16,"column":8},"end":{"line":16,"column":31}},{"start":{"line":16,"column":27},"end":{"line":16,"column":31}}]},"8":{"loc":{"start":{"line":17,"column":12},"end":{"line":17,"column":49}},"type":"cond-expr","locations":[{"start":{"line":17,"column":35},"end":{"line":17,"column":39}},{"start":{"line":17,"column":39},"end":{"line":17,"column":49}}]},"9":{"loc":{"start":{"line":17,"column":12},"end":{"line":17,"column":39}},"type":"binary-expr","locations":[{"start":{"line":17,"column":12},"end":{"line":17,"column":39}},{"start":{"line":17,"column":35},"end":{"line":17,"column":39}}]},"10":{"loc":{"start":{"line":18,"column":12},"end":{"line":18,"column":47}},"type":"cond-expr","locations":[{"start":{"line":18,"column":31},"end":{"line":18,"column":35}},{"start":{"line":18,"column":35},"end":{"line":18,"column":47}}]},"11":{"loc":{"start":{"line":18,"column":12},"end":{"line":18,"column":35}},"type":"binary-expr","locations":[{"start":{"line":18,"column":12},"end":{"line":18,"column":35}},{"start":{"line":18,"column":31},"end":{"line":18,"column":35}}]}},"s":{"0":3,"1":3,"2":3},"f":{},"b":{"0":[0,3],"1":[3,3],"2":[3,0],"3":[3,3],"4":[3,0],"5":[3,3],"6":[3,0],"7":[3,3],"8":[3,0],"9":[3,3],"10":[3,0],"11":[3,3]}}
,"/Users/user/Desktop/workplace/pragma/aws-api/src/infrastructure/configuration/dependency-injection/user_dependencies.ts": {"path":"/Users/user/Desktop/workplace/pragma/aws-api/src/infrastructure/configuration/dependency-injection/user_dependencies.ts","statementMap":{"0":{"start":{"line":1,"column":0},"end":{"line":1,"column":70}},"1":{"start":{"line":2,"column":0},"end":{"line":2,"column":85}},"2":{"start":{"line":3,"column":0},"end":{"line":3,"column":85}},"3":{"start":{"line":4,"column":0},"end":{"line":4,"column":75}},"4":{"start":{"line":5,"column":0},"end":{"line":5,"column":75}},"5":{"start":{"line":6,"column":0},"end":{"line":6,"column":75}},"6":{"start":{"line":7,"column":0},"end":{"line":7,"column":80}},"7":{"start":{"line":8,"column":0},"end":{"line":8,"column":85}},"8":{"start":{"line":9,"column":0},"end":{"line":9,"column":97}},"9":{"start":{"line":10,"column":0},"end":{"line":10,"column":83}},"10":{"start":{"line":11,"column":0},"end":{"line":11,"column":85}},"11":{"start":{"line":12,"column":0},"end":{"line":12,"column":85}},"12":{"start":{"line":13,"column":0},"end":{"line":13,"column":159}},"13":{"start":{"line":15,"column":23},"end":{"line":15,"column":48}},"14":{"start":{"line":16,"column":19},"end":{"line":16,"column":35}},"15":{"start":{"line":18,"column":26},"end":{"line":18,"column":66}},"16":{"start":{"line":19,"column":26},"end":{"line":19,"column":56}},"17":{"start":{"line":20,"column":26},"end":{"line":20,"column":56}},"18":{"start":{"line":21,"column":30},"end":{"line":21,"column":64}},"19":{"start":{"line":22,"column":27},"end":{"line":22,"column":65}},"20":{"start":{"line":24,"column":26},"end":{"line":24,"column":78}},"21":{"start":{"line":25,"column":34},"end":{"line":25,"column":95}},"22":{"start":{"line":26,"column":29},"end":{"line":26,"column":84}},"23":{"start":{"line":27,"column":26},"end":{"line":27,"column":78}},"24":{"start":{"line":28,"column":26},"end":{"line":28,"column":66}},"25":{"start":{"line":30,"column":13},"end":{"line":30,"column":null}},"26":{"start":{"line":31,"column":13},"end":{"line":31,"column":null}},"27":{"start":{"line":32,"column":13},"end":{"line":32,"column":null}},"28":{"start":{"line":33,"column":13},"end":{"line":33,"column":null}},"29":{"start":{"line":34,"column":13},"end":{"line":34,"column":null}}},"fnMap":{},"branchMap":{},"s":{"0":2,"1":2,"2":2,"3":2,"4":2,"5":2,"6":2,"7":2,"8":2,"9":2,"10":2,"11":2,"12":2,"13":2,"14":2,"15":2,"16":2,"17":2,"18":2,"19":2,"20":2,"21":2,"22":2,"23":2,"24":2,"25":2,"26":2,"27":2,"28":2,"29":2},"f":{},"b":{}}
,"/Users/user/Desktop/workplace/pragma/aws-api/src/infrastructure/driven/mysql/mysql_connection.ts": {"path":"/Users/user/Desktop/workplace/pragma/aws-api/src/infrastructure/driven/mysql/mysql_connection.ts","statementMap":{"0":{"start":{"line":1,"column":0},"end":{"line":1,"column":68}},"1":{"start":{"line":2,"column":0},"end":{"line":2,"column":34}},"2":{"start":{"line":4,"column":17},"end":{"line":10,"column":null}},"3":{"start":{"line":12,"column":25},"end":{"line":19,"column":null}},"4":{"start":{"line":12,"column":50},"end":{"line":19,"column":null}},"5":{"start":{"line":13,"column":2},"end":{"line":18,"column":null}},"6":{"start":{"line":14,"column":23},"end":{"line":14,"column":61}},"7":{"start":{"line":15,"column":4},"end":{"line":15,"column":null}},"8":{"start":{"line":17,"column":4},"end":{"line":17,"column":null}},"9":{"start":{"line":12,"column":13},"end":{"line":12,"column":25}}},"fnMap":{"0":{"name":"(anonymous_8)","decl":{"start":{"line":12,"column":25},"end":{"line":12,"column":48}},"loc":{"start":{"line":12,"column":50},"end":{"line":19,"column":null}}},"1":{"name":"(anonymous_9)","decl":{"start":{"line":12,"column":50},"end":{"line":12,"column":null}},"loc":{"start":{"line":12,"column":50},"end":{"line":19,"column":1}}}},"branchMap":{},"s":{"0":3,"1":3,"2":3,"3":3,"4":3,"5":3,"6":3,"7":3,"8":0,"9":3},"f":{"0":3,"1":3},"b":{}}
,"/Users/user/Desktop/workplace/pragma/aws-api/src/infrastructure/driven/repositories/mysql_user_repository.ts": {"path":"/Users/user/Desktop/workplace/pragma/aws-api/src/infrastructure/driven/repositories/mysql_user_repository.ts","statementMap":{"0":{"start":{"line":4,"column":0},"end":{"line":4,"column":53}},"1":{"start":{"line":8,"column":4},"end":{"line":27,"column":null}},"2":{"start":{"line":9,"column":17},"end":{"line":9,"column":34}},"3":{"start":{"line":10,"column":21},"end":{"line":10,"column":62}},"4":{"start":{"line":12,"column":6},"end":{"line":22,"column":null}},"5":{"start":{"line":13,"column":8},"end":{"line":19,"column":null}},"6":{"start":{"line":14,"column":10},"end":{"line":18,"column":null}},"7":{"start":{"line":21,"column":8},"end":{"line":21,"column":null}},"8":{"start":{"line":24,"column":6},"end":{"line":24,"column":null}},"9":{"start":{"line":26,"column":6},"end":{"line":26,"column":null}},"10":{"start":{"line":31,"column":4},"end":{"line":42,"column":null}},"11":{"start":{"line":32,"column":17},"end":{"line":32,"column":34}},"12":{"start":{"line":33,"column":26},"end":{"line":37,"column":null}},"13":{"start":{"line":39,"column":6},"end":{"line":39,"column":null}},"14":{"start":{"line":41,"column":6},"end":{"line":41,"column":null}},"15":{"start":{"line":46,"column":4},"end":{"line":65,"column":null}},"16":{"start":{"line":47,"column":17},"end":{"line":47,"column":34}},"17":{"start":{"line":48,"column":21},"end":{"line":48,"column":89}},"18":{"start":{"line":50,"column":6},"end":{"line":60,"column":null}},"19":{"start":{"line":51,"column":8},"end":{"line":57,"column":null}},"20":{"start":{"line":52,"column":10},"end":{"line":56,"column":null}},"21":{"start":{"line":59,"column":8},"end":{"line":59,"column":null}},"22":{"start":{"line":62,"column":6},"end":{"line":62,"column":null}},"23":{"start":{"line":64,"column":6},"end":{"line":64,"column":null}},"24":{"start":{"line":69,"column":4},"end":{"line":80,"column":null}},"25":{"start":{"line":70,"column":17},"end":{"line":70,"column":34}},"26":{"start":{"line":71,"column":26},"end":{"line":75,"column":null}},"27":{"start":{"line":77,"column":6},"end":{"line":77,"column":null}},"28":{"start":{"line":79,"column":6},"end":{"line":79,"column":null}},"29":{"start":{"line":84,"column":4},"end":{"line":94,"column":null}},"30":{"start":{"line":85,"column":17},"end":{"line":85,"column":34}},"31":{"start":{"line":86,"column":26},"end":{"line":89,"column":null}},"32":{"start":{"line":91,"column":6},"end":{"line":91,"column":null}},"33":{"start":{"line":93,"column":6},"end":{"line":93,"column":null}},"34":{"start":{"line":6,"column":0},"end":{"line":6,"column":13}}},"fnMap":{"0":{"name":"(anonymous_7)","decl":{"start":{"line":7,"column":8},"end":{"line":7,"column":17}},"loc":{"start":{"line":7,"column":17},"end":{"line":28,"column":null}}},"1":{"name":"(anonymous_9)","decl":{"start":{"line":13,"column":25},"end":{"line":13,"column":26}},"loc":{"start":{"line":13,"column":38},"end":{"line":19,"column":9}}},"2":{"name":"(anonymous_10)","decl":{"start":{"line":30,"column":8},"end":{"line":30,"column":14}},"loc":{"start":{"line":30,"column":26},"end":{"line":43,"column":null}}},"3":{"name":"(anonymous_12)","decl":{"start":{"line":45,"column":8},"end":{"line":45,"column":18}},"loc":{"start":{"line":45,"column":30},"end":{"line":66,"column":null}}},"4":{"name":"(anonymous_14)","decl":{"start":{"line":51,"column":25},"end":{"line":51,"column":26}},"loc":{"start":{"line":51,"column":38},"end":{"line":57,"column":9}}},"5":{"name":"(anonymous_15)","decl":{"start":{"line":68,"column":8},"end":{"line":68,"column":14}},"loc":{"start":{"line":68,"column":26},"end":{"line":81,"column":null}}},"6":{"name":"(anonymous_17)","decl":{"start":{"line":83,"column":8},"end":{"line":83,"column":14}},"loc":{"start":{"line":83,"column":26},"end":{"line":95,"column":null}}}},"branchMap":{"0":{"loc":{"start":{"line":12,"column":6},"end":{"line":22,"column":null}},"type":"if","locations":[{"start":{"line":12,"column":6},"end":{"line":22,"column":null}},{"start":{"line":20,"column":13},"end":{"line":22,"column":null}}]},"1":{"loc":{"start":{"line":50,"column":6},"end":{"line":60,"column":null}},"type":"if","locations":[{"start":{"line":50,"column":6},"end":{"line":60,"column":null}},{"start":{"line":58,"column":13},"end":{"line":60,"column":null}}]}},"s":{"0":2,"1":1,"2":1,"3":1,"4":1,"5":1,"6":5,"7":0,"8":1,"9":0,"10":1,"11":1,"12":1,"13":1,"14":0,"15":0,"16":0,"17":0,"18":0,"19":0,"20":0,"21":0,"22":0,"23":0,"24":1,"25":1,"26":1,"27":1,"28":0,"29":0,"30":0,"31":0,"32":0,"33":0,"34":2},"f":{"0":1,"1":5,"2":1,"3":0,"4":0,"5":1,"6":0},"b":{"0":[1,0],"1":[0,0]}}
,"/Users/user/Desktop/workplace/pragma/aws-api/src/infrastructure/driving/controllers/create_user_controller.ts": {"path":"/Users/user/Desktop/workplace/pragma/aws-api/src/infrastructure/driving/controllers/create_user_controller.ts","statementMap":{"0":{"start":{"line":8,"column":4},"end":{"line":8,"column":null}},"1":{"start":{"line":12,"column":4},"end":{"line":12,"column":null}},"2":{"start":{"line":14,"column":4},"end":{"line":14,"column":null}},"3":{"start":{"line":4,"column":0},"end":{"line":4,"column":13}}},"fnMap":{"0":{"name":"(anonymous_7)","decl":{"start":{"line":7,"column":2},"end":{"line":7,"column":15}},"loc":{"start":{"line":7,"column":49},"end":{"line":9,"column":3}}},"1":{"name":"(anonymous_8)","decl":{"start":{"line":11,"column":8},"end":{"line":11,"column":15}},"loc":{"start":{"line":11,"column":44},"end":{"line":15,"column":null}}}},"branchMap":{},"s":{"0":3,"1":2,"2":1,"3":6},"f":{"0":3,"1":2},"b":{}}
,"/Users/user/Desktop/workplace/pragma/aws-api/src/infrastructure/driving/controllers/delete_user_controller.ts": {"path":"/Users/user/Desktop/workplace/pragma/aws-api/src/infrastructure/driving/controllers/delete_user_controller.ts","statementMap":{"0":{"start":{"line":8,"column":4},"end":{"line":8,"column":null}},"1":{"start":{"line":12,"column":4},"end":{"line":12,"column":null}},"2":{"start":{"line":14,"column":4},"end":{"line":14,"column":null}},"3":{"start":{"line":4,"column":0},"end":{"line":4,"column":13}}},"fnMap":{"0":{"name":"(anonymous_7)","decl":{"start":{"line":7,"column":2},"end":{"line":7,"column":15}},"loc":{"start":{"line":7,"column":49},"end":{"line":9,"column":3}}},"1":{"name":"(anonymous_8)","decl":{"start":{"line":11,"column":8},"end":{"line":11,"column":15}},"loc":{"start":{"line":11,"column":44},"end":{"line":15,"column":null}}}},"branchMap":{},"s":{"0":3,"1":1,"2":0,"3":6},"f":{"0":3,"1":1},"b":{}}
,"/Users/user/Desktop/workplace/pragma/aws-api/src/infrastructure/driving/controllers/index.ts": {"path":"/Users/user/Desktop/workplace/pragma/aws-api/src/infrastructure/driving/controllers/index.ts","statementMap":{"0":{"start":{"line":1,"column":0},"end":{"line":1,"column":40}},"1":{"start":{"line":2,"column":0},"end":{"line":2,"column":40}},"2":{"start":{"line":3,"column":0},"end":{"line":3,"column":39}},"3":{"start":{"line":4,"column":0},"end":{"line":4,"column":49}},"4":{"start":{"line":5,"column":0},"end":{"line":5,"column":40}}},"fnMap":{},"branchMap":{},"s":{"0":6,"1":6,"2":6,"3":6,"4":6},"f":{},"b":{}}
,"/Users/user/Desktop/workplace/pragma/aws-api/src/infrastructure/driving/controllers/search_all_controller.ts": {"path":"/Users/user/Desktop/workplace/pragma/aws-api/src/infrastructure/driving/controllers/search_all_controller.ts","statementMap":{"0":{"start":{"line":8,"column":4},"end":{"line":8,"column":null}},"1":{"start":{"line":12,"column":17},"end":{"line":12,"column":49}},"2":{"start":{"line":13,"column":4},"end":{"line":13,"column":null}},"3":{"start":{"line":4,"column":0},"end":{"line":4,"column":13}}},"fnMap":{"0":{"name":"(anonymous_7)","decl":{"start":{"line":7,"column":2},"end":{"line":7,"column":15}},"loc":{"start":{"line":7,"column":48},"end":{"line":9,"column":3}}},"1":{"name":"(anonymous_8)","decl":{"start":{"line":11,"column":8},"end":{"line":11,"column":15}},"loc":{"start":{"line":11,"column":44},"end":{"line":14,"column":null}}}},"branchMap":{},"s":{"0":3,"1":2,"2":1,"3":6},"f":{"0":3,"1":2},"b":{}}
,"/Users/user/Desktop/workplace/pragma/aws-api/src/infrastructure/driving/controllers/search_specific_user_controller.ts": {"path":"/Users/user/Desktop/workplace/pragma/aws-api/src/infrastructure/driving/controllers/search_specific_user_controller.ts","statementMap":{"0":{"start":{"line":8,"column":4},"end":{"line":8,"column":null}},"1":{"start":{"line":12,"column":17},"end":{"line":12,"column":62}},"2":{"start":{"line":14,"column":4},"end":{"line":14,"column":null}},"3":{"start":{"line":4,"column":0},"end":{"line":4,"column":13}}},"fnMap":{"0":{"name":"(anonymous_7)","decl":{"start":{"line":7,"column":2},"end":{"line":7,"column":15}},"loc":{"start":{"line":7,"column":57},"end":{"line":9,"column":3}}},"1":{"name":"(anonymous_8)","decl":{"start":{"line":11,"column":8},"end":{"line":11,"column":15}},"loc":{"start":{"line":11,"column":44},"end":{"line":15,"column":null}}}},"branchMap":{},"s":{"0":2,"1":0,"2":0,"3":6},"f":{"0":2,"1":0},"b":{}}
,"/Users/user/Desktop/workplace/pragma/aws-api/src/infrastructure/driving/controllers/update_user_controller.ts": {"path":"/Users/user/Desktop/workplace/pragma/aws-api/src/infrastructure/driving/controllers/update_user_controller.ts","statementMap":{"0":{"start":{"line":8,"column":4},"end":{"line":8,"column":null}},"1":{"start":{"line":12,"column":4},"end":{"line":12,"column":null}},"2":{"start":{"line":14,"column":4},"end":{"line":14,"column":null}},"3":{"start":{"line":4,"column":0},"end":{"line":4,"column":13}}},"fnMap":{"0":{"name":"(anonymous_7)","decl":{"start":{"line":7,"column":2},"end":{"line":7,"column":15}},"loc":{"start":{"line":7,"column":49},"end":{"line":9,"column":3}}},"1":{"name":"(anonymous_8)","decl":{"start":{"line":11,"column":8},"end":{"line":11,"column":15}},"loc":{"start":{"line":11,"column":44},"end":{"line":15,"column":null}}}},"branchMap":{},"s":{"0":3,"1":2,"2":1,"3":6},"f":{"0":3,"1":2},"b":{}}
,"/Users/user/Desktop/workplace/pragma/aws-api/src/infrastructure/driving/routes/index.ts": {"path":"/Users/user/Desktop/workplace/pragma/aws-api/src/infrastructure/driving/routes/index.ts","statementMap":{"0":{"start":{"line":1,"column":0},"end":{"line":1,"column":29}}},"fnMap":{},"branchMap":{},"s":{"0":0},"f":{},"b":{}}
,"/Users/user/Desktop/workplace/pragma/aws-api/src/infrastructure/driving/routes/user.routes.ts": {"path":"/Users/user/Desktop/workplace/pragma/aws-api/src/infrastructure/driving/routes/user.routes.ts","statementMap":{"0":{"start":{"line":2,"column":0},"end":{"line":2,"column":62}},"1":{"start":{"line":3,"column":0},"end":{"line":3,"column":192}},"2":{"start":{"line":5,"column":19},"end":{"line":5,"column":35}},"3":{"start":{"line":7,"column":0},"end":{"line":12,"column":null}},"4":{"start":{"line":8,"column":50},"end":{"line":8,"column":99}},"5":{"start":{"line":8,"column":53},"end":{"line":8,"column":97}},"6":{"start":{"line":9,"column":53},"end":{"line":9,"column":111}},"7":{"start":{"line":9,"column":56},"end":{"line":9,"column":109}},"8":{"start":{"line":10,"column":51},"end":{"line":10,"column":101}},"9":{"start":{"line":10,"column":54},"end":{"line":10,"column":99}},"10":{"start":{"line":11,"column":56},"end":{"line":11,"column":106}},"11":{"start":{"line":11,"column":59},"end":{"line":11,"column":104}},"12":{"start":{"line":12,"column":50},"end":{"line":12,"column":100}},"13":{"start":{"line":12,"column":53},"end":{"line":12,"column":98}},"14":{"start":{"line":14,"column":0},"end":{"line":14,"column":null}}},"fnMap":{"0":{"name":"(anonymous_8)","decl":{"start":{"line":8,"column":12},"end":{"line":8,"column":19}},"loc":{"start":{"line":8,"column":50},"end":{"line":8,"column":99}}},"1":{"name":"(anonymous_9)","decl":{"start":{"line":8,"column":50},"end":{"line":8,"column":53}},"loc":{"start":{"line":8,"column":50},"end":{"line":8,"column":98}}},"2":{"name":"(anonymous_10)","decl":{"start":{"line":9,"column":15},"end":{"line":9,"column":22}},"loc":{"start":{"line":9,"column":53},"end":{"line":9,"column":111}}},"3":{"name":"(anonymous_11)","decl":{"start":{"line":9,"column":53},"end":{"line":9,"column":56}},"loc":{"start":{"line":9,"column":53},"end":{"line":9,"column":110}}},"4":{"name":"(anonymous_12)","decl":{"start":{"line":10,"column":13},"end":{"line":10,"column":20}},"loc":{"start":{"line":10,"column":51},"end":{"line":10,"column":101}}},"5":{"name":"(anonymous_13)","decl":{"start":{"line":10,"column":51},"end":{"line":10,"column":54}},"loc":{"start":{"line":10,"column":51},"end":{"line":10,"column":100}}},"6":{"name":"(anonymous_14)","decl":{"start":{"line":11,"column":18},"end":{"line":11,"column":25}},"loc":{"start":{"line":11,"column":56},"end":{"line":11,"column":106}}},"7":{"name":"(anonymous_15)","decl":{"start":{"line":11,"column":56},"end":{"line":11,"column":59}},"loc":{"start":{"line":11,"column":56},"end":{"line":11,"column":105}}},"8":{"name":"(anonymous_16)","decl":{"start":{"line":12,"column":12},"end":{"line":12,"column":19}},"loc":{"start":{"line":12,"column":50},"end":{"line":12,"column":100}}},"9":{"name":"(anonymous_17)","decl":{"start":{"line":12,"column":50},"end":{"line":12,"column":53}},"loc":{"start":{"line":12,"column":50},"end":{"line":12,"column":99}}}},"branchMap":{},"s":{"0":2,"1":2,"2":2,"3":2,"4":1,"5":1,"6":0,"7":0,"8":1,"9":1,"10":0,"11":0,"12":1,"13":1,"14":2},"f":{"0":1,"1":1,"2":0,"3":0,"4":1,"5":1,"6":0,"7":0,"8":1,"9":1},"b":{}}
}
