TN:
SF:src/index.ts
FN:14,(anonymous_1)
FN:23,(anonymous_2)
FNF:2
FNH:2
FNDA:1,(anonymous_1)
FNDA:1,(anonymous_2)
DA:1,2
DA:2,2
DA:3,2
DA:4,2
DA:5,2
DA:7,2
DA:9,2
DA:11,2
DA:12,2
DA:14,2
DA:15,1
DA:21,2
DA:23,2
DA:24,1
LF:14
LH:14
BRF:0
BRH:0
end_of_record
TN:
SF:src/application/dto/user_dto.ts
FN:15,(anonymous_1)
FNF:1
FNH:1
FNDA:1,(anonymous_1)
DA:1,1
DA:3,1
DA:5,1
DA:9,1
DA:13,1
DA:16,1
DA:17,1
DA:18,1
LF:8
LH:8
BRF:0
BRH:0
end_of_record
TN:
SF:src/application/mapper/user_mapper.ts
FN:6,(anonymous_0)
FN:14,(anonymous_1)
FN:22,(anonymous_2)
FN:23,(anonymous_3)
FNF:4
FNH:4
FNDA:1,(anonymous_0)
FNDA:4,(anonymous_1)
FNDA:2,(anonymous_2)
FNDA:7,(anonymous_3)
DA:5,6
DA:7,1
DA:15,4
DA:23,2
DA:24,7
DA:31,2
LF:6
LH:6
BRDA:16,0,0,0
BRDA:16,0,1,4
BRDA:16,1,0,4
BRDA:16,1,1,4
BRF:4
BRH:3
end_of_record
TN:
SF:src/application/services/create_user_service.ts
FN:10,(anonymous_7)
FN:15,(anonymous_8)
FNF:2
FNH:2
FNDA:3,(anonymous_7)
FNDA:2,(anonymous_8)
DA:6,3
DA:11,3
DA:12,3
DA:16,2
DA:17,2
DA:18,2
DA:20,1
LF:7
LH:7
BRF:0
BRH:0
end_of_record
TN:
SF:src/application/services/delete_user_service.ts
FN:7,(anonymous_7)
FN:11,(anonymous_8)
FNF:2
FNH:2
FNDA:3,(anonymous_7)
FNDA:1,(anonymous_8)
DA:4,3
DA:8,3
DA:12,1
DA:13,1
DA:15,1
LF:5
LH:5
BRF:0
BRH:0
end_of_record
TN:
SF:src/application/services/search_all_service.ts
FN:10,(anonymous_7)
FN:15,(anonymous_8)
FNF:2
FNH:2
FNDA:3,(anonymous_7)
FNDA:3,(anonymous_8)
DA:6,3
DA:11,3
DA:12,3
DA:16,3
DA:17,3
DA:18,2
DA:20,1
LF:7
LH:7
BRF:0
BRH:0
end_of_record
TN:
SF:src/application/services/search_specific_service.ts
FN:10,(anonymous_7)
FN:15,(anonymous_8)
FNF:2
FNH:2
FNDA:3,(anonymous_7)
FNDA:3,(anonymous_8)
DA:6,3
DA:11,3
DA:12,3
DA:16,3
DA:17,3
DA:19,2
DA:20,1
DA:22,1
DA:24,1
LF:9
LH:9
BRDA:19,0,0,1
BRF:1
BRH:1
end_of_record
TN:
SF:src/application/services/update_user_service.ts
FN:10,(anonymous_7)
FN:15,(anonymous_8)
FNF:2
FNH:2
FNDA:3,(anonymous_7)
FNDA:2,(anonymous_8)
DA:6,3
DA:11,3
DA:12,3
DA:16,2
DA:17,2
DA:18,2
DA:20,1
LF:7
LH:7
BRF:0
BRH:0
end_of_record
TN:
SF:src/domain/use_cases/create_user_use_case.ts
FN:8,(anonymous_7)
FN:12,(anonymous_8)
FNF:2
FNH:2
FNDA:3,(anonymous_7)
FNDA:2,(anonymous_8)
DA:5,3
DA:9,3
DA:13,2
DA:14,2
DA:16,1
LF:5
LH:5
BRF:0
BRH:0
end_of_record
TN:
SF:src/domain/use_cases/delete_user_use_case.ts
FN:7,(anonymous_7)
FN:11,(anonymous_8)
FNF:2
FNH:2
FNDA:3,(anonymous_7)
FNDA:1,(anonymous_8)
DA:4,3
DA:8,3
DA:12,1
DA:13,1
DA:15,1
LF:5
LH:5
BRF:0
BRH:0
end_of_record
TN:
SF:src/domain/use_cases/search_all_users.ts
FN:8,(anonymous_7)
FN:12,(anonymous_8)
FNF:2
FNH:2
FNDA:3,(anonymous_7)
FNDA:2,(anonymous_8)
DA:5,3
DA:9,3
DA:13,2
DA:14,2
DA:16,1
LF:5
LH:5
BRF:0
BRH:0
end_of_record
TN:
SF:src/domain/use_cases/search_user_by_id.ts
FN:8,(anonymous_7)
FN:12,(anonymous_8)
FNF:2
FNH:2
FNDA:3,(anonymous_7)
FNDA:1,(anonymous_8)
DA:5,3
DA:9,3
DA:13,1
DA:14,1
DA:16,1
LF:5
LH:5
BRF:0
BRH:0
end_of_record
TN:
SF:src/domain/use_cases/update_user_use_case.ts
FN:8,(anonymous_7)
FN:12,(anonymous_8)
FNF:2
FNH:2
FNDA:3,(anonymous_7)
FNDA:2,(anonymous_8)
DA:5,3
DA:9,3
DA:13,2
DA:14,2
DA:16,1
LF:5
LH:5
BRF:0
BRH:0
end_of_record
TN:
SF:src/infrastructure/configuration/constants.ts
FNF:0
FNH:0
DA:1,3
DA:3,3
DA:13,3
LF:3
LH:3
BRDA:3,0,0,0
BRDA:3,0,1,3
BRDA:3,1,0,3
BRDA:3,1,1,3
BRDA:14,2,0,3
BRDA:14,2,1,0
BRDA:14,3,0,3
BRDA:14,3,1,3
BRDA:15,4,0,3
BRDA:15,4,1,0
BRDA:15,5,0,3
BRDA:15,5,1,3
BRDA:16,6,0,3
BRDA:16,6,1,0
BRDA:16,7,0,3
BRDA:16,7,1,3
BRDA:17,8,0,3
BRDA:17,8,1,0
BRDA:17,9,0,3
BRDA:17,9,1,3
BRDA:18,10,0,3
BRDA:18,10,1,0
BRDA:18,11,0,3
BRDA:18,11,1,3
BRF:24
BRH:18
end_of_record
TN:
SF:src/infrastructure/configuration/dependency-injection/user_dependencies.ts
FNF:0
FNH:0
DA:1,2
DA:2,2
DA:3,2
DA:4,2
DA:5,2
DA:6,2
DA:7,2
DA:8,2
DA:9,2
DA:10,2
DA:11,2
DA:12,2
DA:13,2
DA:15,2
DA:16,2
DA:18,2
DA:19,2
DA:20,2
DA:21,2
DA:22,2
DA:24,2
DA:25,2
DA:26,2
DA:27,2
DA:28,2
DA:30,2
DA:31,2
DA:32,2
DA:33,2
DA:34,2
LF:30
LH:30
BRF:0
BRH:0
end_of_record
TN:
SF:src/infrastructure/driven/mysql/mysql_connection.ts
FN:12,(anonymous_8)
FN:12,(anonymous_9)
FNF:2
FNH:2
FNDA:3,(anonymous_8)
FNDA:3,(anonymous_9)
DA:1,3
DA:2,3
DA:4,3
DA:12,3
DA:13,3
DA:14,3
DA:15,3
DA:17,0
LF:8
LH:7
BRF:0
BRH:0
end_of_record
TN:
SF:src/infrastructure/driven/repositories/mysql_user_repository.ts
FN:7,(anonymous_7)
FN:13,(anonymous_9)
FN:30,(anonymous_10)
FN:45,(anonymous_12)
FN:51,(anonymous_14)
FN:68,(anonymous_15)
FN:83,(anonymous_17)
FNF:7
FNH:4
FNDA:1,(anonymous_7)
FNDA:5,(anonymous_9)
FNDA:1,(anonymous_10)
FNDA:0,(anonymous_12)
FNDA:0,(anonymous_14)
FNDA:1,(anonymous_15)
FNDA:0,(anonymous_17)
DA:4,2
DA:6,2
DA:8,1
DA:9,1
DA:10,1
DA:12,1
DA:13,1
DA:14,5
DA:21,0
DA:24,1
DA:26,0
DA:31,1
DA:32,1
DA:33,1
DA:39,1
DA:41,0
DA:46,0
DA:47,0
DA:48,0
DA:50,0
DA:51,0
DA:52,0
DA:59,0
DA:62,0
DA:64,0
DA:69,1
DA:70,1
DA:71,1
DA:77,1
DA:79,0
DA:84,0
DA:85,0
DA:86,0
DA:91,0
DA:93,0
LF:35
LH:17
BRDA:12,0,0,1
BRDA:12,0,1,0
BRDA:50,1,0,0
BRDA:50,1,1,0
BRF:4
BRH:1
end_of_record
TN:
SF:src/infrastructure/driving/controllers/create_user_controller.ts
FN:7,(anonymous_7)
FN:11,(anonymous_8)
FNF:2
FNH:2
FNDA:3,(anonymous_7)
FNDA:2,(anonymous_8)
DA:4,6
DA:8,3
DA:12,2
DA:14,1
LF:4
LH:4
BRF:0
BRH:0
end_of_record
TN:
SF:src/infrastructure/driving/controllers/delete_user_controller.ts
FN:7,(anonymous_7)
FN:11,(anonymous_8)
FNF:2
FNH:2
FNDA:3,(anonymous_7)
FNDA:1,(anonymous_8)
DA:4,6
DA:8,3
DA:12,1
DA:14,0
LF:4
LH:3
BRF:0
BRH:0
end_of_record
TN:
SF:src/infrastructure/driving/controllers/index.ts
FNF:0
FNH:0
DA:1,6
DA:2,6
DA:3,6
DA:4,6
DA:5,6
LF:5
LH:5
BRF:0
BRH:0
end_of_record
TN:
SF:src/infrastructure/driving/controllers/search_all_controller.ts
FN:7,(anonymous_7)
FN:11,(anonymous_8)
FNF:2
FNH:2
FNDA:3,(anonymous_7)
FNDA:2,(anonymous_8)
DA:4,6
DA:8,3
DA:12,2
DA:13,1
LF:4
LH:4
BRF:0
BRH:0
end_of_record
TN:
SF:src/infrastructure/driving/controllers/search_specific_user_controller.ts
FN:7,(anonymous_7)
FN:11,(anonymous_8)
FNF:2
FNH:1
FNDA:2,(anonymous_7)
FNDA:0,(anonymous_8)
DA:4,6
DA:8,2
DA:12,0
DA:14,0
LF:4
LH:2
BRF:0
BRH:0
end_of_record
TN:
SF:src/infrastructure/driving/controllers/update_user_controller.ts
FN:7,(anonymous_7)
FN:11,(anonymous_8)
FNF:2
FNH:2
FNDA:3,(anonymous_7)
FNDA:2,(anonymous_8)
DA:4,6
DA:8,3
DA:12,2
DA:14,1
LF:4
LH:4
BRF:0
BRH:0
end_of_record
TN:
SF:src/infrastructure/driving/routes/index.ts
FNF:0
FNH:0
DA:1,0
LF:1
LH:0
BRF:0
BRH:0
end_of_record
TN:
SF:src/infrastructure/driving/routes/user.routes.ts
FN:8,(anonymous_8)
FN:8,(anonymous_9)
FN:9,(anonymous_10)
FN:9,(anonymous_11)
FN:10,(anonymous_12)
FN:10,(anonymous_13)
FN:11,(anonymous_14)
FN:11,(anonymous_15)
FN:12,(anonymous_16)
FN:12,(anonymous_17)
FNF:10
FNH:6
FNDA:1,(anonymous_8)
FNDA:1,(anonymous_9)
FNDA:0,(anonymous_10)
FNDA:0,(anonymous_11)
FNDA:1,(anonymous_12)
FNDA:1,(anonymous_13)
FNDA:0,(anonymous_14)
FNDA:0,(anonymous_15)
FNDA:1,(anonymous_16)
FNDA:1,(anonymous_17)
DA:2,2
DA:3,2
DA:5,2
DA:7,2
DA:8,1
DA:9,0
DA:10,1
DA:11,0
DA:12,1
DA:14,2
LF:10
LH:8
BRF:0
BRH:0
end_of_record
